mode: set
github.com/victorihuoma/polymarket-watch/internal/discovery/discovery.go:55.45,60.57 3 1
github.com/victorihuoma/polymarket-watch/internal/discovery/discovery.go:60.57,62.3 1 1
github.com/victorihuoma/polymarket-watch/internal/discovery/discovery.go:65.2,65.35 1 1
github.com/victorihuoma/polymarket-watch/internal/discovery/discovery.go:65.35,67.3 1 1
github.com/victorihuoma/polymarket-watch/internal/discovery/discovery.go:69.2,69.12 1 1
github.com/victorihuoma/polymarket-watch/internal/discovery/discovery.go:73.44,74.25 1 1
github.com/victorihuoma/polymarket-watch/internal/discovery/discovery.go:74.25,76.3 1 1
github.com/victorihuoma/polymarket-watch/internal/discovery/discovery.go:77.2,77.24 1 1
github.com/victorihuoma/polymarket-watch/internal/discovery/discovery.go:77.24,79.3 1 1
github.com/victorihuoma/polymarket-watch/internal/discovery/discovery.go:80.2,80.20 1 1
github.com/victorihuoma/polymarket-watch/internal/discovery/discovery.go:80.20,82.3 1 1
github.com/victorihuoma/polymarket-watch/internal/discovery/discovery.go:83.2,83.25 1 1
github.com/victorihuoma/polymarket-watch/internal/discovery/discovery.go:83.25,85.3 1 1
github.com/victorihuoma/polymarket-watch/internal/discovery/discovery.go:137.51,138.48 1 1
github.com/victorihuoma/polymarket-watch/internal/discovery/discovery.go:138.48,140.3 1 1
github.com/victorihuoma/polymarket-watch/internal/discovery/discovery.go:141.2,141.35 1 1
github.com/victorihuoma/polymarket-watch/internal/discovery/discovery.go:145.53,146.27 1 1
github.com/victorihuoma/polymarket-watch/internal/discovery/discovery.go:146.27,148.3 1 1
github.com/victorihuoma/polymarket-watch/internal/discovery/discovery.go:149.2,149.60 1 1
github.com/victorihuoma/polymarket-watch/internal/discovery/discovery.go:163.44,171.2 1 1
github.com/victorihuoma/polymarket-watch/internal/discovery/discovery.go:174.62,176.2 1 1
github.com/victorihuoma/polymarket-watch/internal/discovery/discovery.go:180.69,182.30 2 1
github.com/victorihuoma/polymarket-watch/internal/discovery/discovery.go:182.30,183.64 1 1
github.com/victorihuoma/polymarket-watch/internal/discovery/discovery.go:183.64,185.4 1 1
github.com/victorihuoma/polymarket-watch/internal/discovery/discovery.go:187.2,187.13 1 1
github.com/victorihuoma/polymarket-watch/internal/discovery/discovery.go:191.38,193.2 1 1
github.com/victorihuoma/polymarket-watch/internal/discovery/discovery.go:197.44,198.44 1 1
github.com/victorihuoma/polymarket-watch/internal/discovery/discovery.go:198.44,200.71 1 1
github.com/victorihuoma/polymarket-watch/internal/discovery/discovery.go:200.71,202.4 1 0
github.com/victorihuoma/polymarket-watch/internal/discovery/discovery.go:203.3,203.37 1 1
github.com/victorihuoma/polymarket-watch/internal/discovery/discovery.go:203.37,205.4 1 0
github.com/victorihuoma/polymarket-watch/internal/discovery/discovery.go:206.3,206.37 1 1
github.com/victorihuoma/polymarket-watch/internal/discovery/discovery.go:206.37,208.4 1 1
github.com/victorihuoma/polymarket-watch/internal/discovery/discovery.go:210.3,210.77 1 1
github.com/victorihuoma/polymarket-watch/internal/models/position.go:68.53,70.51 2 1
github.com/victorihuoma/polymarket-watch/internal/models/position.go:70.51,72.3 1 0
github.com/victorihuoma/polymarket-watch/internal/models/position.go:74.2,82.28 7 1
github.com/victorihuoma/polymarket-watch/internal/models/position.go:82.28,84.17 2 1
github.com/victorihuoma/polymarket-watch/internal/models/position.go:84.17,86.4 1 1
github.com/victorihuoma/polymarket-watch/internal/models/position.go:87.3,87.23 1 1
github.com/victorihuoma/polymarket-watch/internal/models/position.go:91.2,91.20 1 1
github.com/victorihuoma/polymarket-watch/internal/models/position.go:91.20,93.17 2 1
github.com/victorihuoma/polymarket-watch/internal/models/position.go:93.17,95.4 1 1
github.com/victorihuoma/polymarket-watch/internal/models/position.go:96.3,96.16 1 1
github.com/victorihuoma/polymarket-watch/internal/models/position.go:99.2,99.24 1 1
github.com/victorihuoma/polymarket-watch/internal/models/position.go:99.24,101.17 2 1
github.com/victorihuoma/polymarket-watch/internal/models/position.go:101.17,103.4 1 1
github.com/victorihuoma/polymarket-watch/internal/models/position.go:104.3,104.24 1 1
github.com/victorihuoma/polymarket-watch/internal/models/position.go:107.2,107.28 1 1
github.com/victorihuoma/polymarket-watch/internal/models/position.go:107.28,109.17 2 1
github.com/victorihuoma/polymarket-watch/internal/models/position.go:109.17,111.4 1 0
github.com/victorihuoma/polymarket-watch/internal/models/position.go:112.3,112.32 1 1
github.com/victorihuoma/polymarket-watch/internal/models/position.go:115.2,115.28 1 1
github.com/victorihuoma/polymarket-watch/internal/models/position.go:115.28,117.17 2 1
github.com/victorihuoma/polymarket-watch/internal/models/position.go:117.17,119.4 1 0
github.com/victorihuoma/polymarket-watch/internal/models/position.go:120.3,120.32 1 1
github.com/victorihuoma/polymarket-watch/internal/models/position.go:123.2,123.27 1 1
github.com/victorihuoma/polymarket-watch/internal/models/position.go:123.27,125.17 2 1
github.com/victorihuoma/polymarket-watch/internal/models/position.go:125.17,127.4 1 0
github.com/victorihuoma/polymarket-watch/internal/models/position.go:128.3,128.30 1 1
github.com/victorihuoma/polymarket-watch/internal/models/position.go:131.2,131.19 1 1
github.com/victorihuoma/polymarket-watch/internal/models/position.go:131.19,133.17 2 1
github.com/victorihuoma/polymarket-watch/internal/models/position.go:133.17,135.4 1 0
github.com/victorihuoma/polymarket-watch/internal/models/position.go:136.3,136.14 1 1
github.com/victorihuoma/polymarket-watch/internal/models/position.go:139.2,139.27 1 1
github.com/victorihuoma/polymarket-watch/internal/models/position.go:139.27,141.17 2 1
github.com/victorihuoma/polymarket-watch/internal/models/position.go:141.17,143.4 1 0
github.com/victorihuoma/polymarket-watch/internal/models/position.go:144.3,144.30 1 1
github.com/victorihuoma/polymarket-watch/internal/models/position.go:147.2,147.26 1 1
github.com/victorihuoma/polymarket-watch/internal/models/position.go:147.26,149.17 2 1
github.com/victorihuoma/polymarket-watch/internal/models/position.go:149.17,151.4 1 0
github.com/victorihuoma/polymarket-watch/internal/models/position.go:152.3,152.28 1 1
github.com/victorihuoma/polymarket-watch/internal/models/position.go:155.2,155.24 1 1
github.com/victorihuoma/polymarket-watch/internal/models/position.go:155.24,157.17 2 1
github.com/victorihuoma/polymarket-watch/internal/models/position.go:157.17,159.4 1 0
github.com/victorihuoma/polymarket-watch/internal/models/position.go:160.3,160.24 1 1
github.com/victorihuoma/polymarket-watch/internal/models/position.go:163.2,163.12 1 1
github.com/victorihuoma/polymarket-watch/internal/models/position.go:167.33,169.2 1 1
github.com/victorihuoma/polymarket-watch/internal/models/position.go:172.32,174.2 1 1
github.com/victorihuoma/polymarket-watch/internal/models/position.go:177.36,179.2 1 1
github.com/victorihuoma/polymarket-watch/internal/models/position.go:182.40,184.2 1 1
github.com/victorihuoma/polymarket-watch/internal/models/position.go:190.75,192.25 2 1
github.com/victorihuoma/polymarket-watch/internal/models/position.go:192.25,193.37 1 1
github.com/victorihuoma/polymarket-watch/internal/models/position.go:193.37,195.4 1 1
github.com/victorihuoma/polymarket-watch/internal/models/position.go:197.2,197.17 1 1
github.com/victorihuoma/polymarket-watch/internal/models/position.go:201.45,203.25 2 1
github.com/victorihuoma/polymarket-watch/internal/models/position.go:203.25,205.3 1 1
github.com/victorihuoma/polymarket-watch/internal/models/position.go:206.2,206.14 1 1
github.com/victorihuoma/polymarket-watch/internal/models/position.go:222.42,224.2 1 1
github.com/victorihuoma/polymarket-watch/internal/models/position.go:227.45,229.2 1 1
github.com/victorihuoma/polymarket-watch/internal/models/position.go:233.63,236.25 2 1
github.com/victorihuoma/polymarket-watch/internal/models/position.go:236.25,238.3 1 1
github.com/victorihuoma/polymarket-watch/internal/models/position.go:240.2,241.50 2 1
github.com/victorihuoma/polymarket-watch/internal/models/position.go:241.50,243.28 2 1
github.com/victorihuoma/polymarket-watch/internal/models/position.go:243.28,244.53 1 1
github.com/victorihuoma/polymarket-watch/internal/models/position.go:244.53,246.5 1 1
github.com/victorihuoma/polymarket-watch/internal/models/position.go:247.4,247.52 1 1
github.com/victorihuoma/polymarket-watch/internal/models/position.go:247.52,249.5 1 1
github.com/victorihuoma/polymarket-watch/internal/models/position.go:252.3,252.36 1 1
github.com/victorihuoma/polymarket-watch/internal/models/position.go:252.36,258.4 1 1
github.com/victorihuoma/polymarket-watch/internal/models/position.go:261.2,261.14 1 1
github.com/victorihuoma/polymarket-watch/internal/models/report.go:57.47,64.2 1 1
github.com/victorihuoma/polymarket-watch/internal/models/report.go:67.63,69.2 1 1
github.com/victorihuoma/polymarket-watch/internal/models/report.go:72.56,74.2 1 1
github.com/victorihuoma/polymarket-watch/internal/models/report.go:79.67,81.40 2 1
github.com/victorihuoma/polymarket-watch/internal/models/report.go:81.40,83.9 2 1
github.com/victorihuoma/polymarket-watch/internal/models/report.go:83.9,85.4 1 1
github.com/victorihuoma/polymarket-watch/internal/models/report.go:88.2,88.25 1 1
github.com/victorihuoma/polymarket-watch/internal/models/report.go:92.56,94.2 1 1
github.com/victorihuoma/polymarket-watch/internal/models/report.go:98.40,99.9 1 1
github.com/victorihuoma/polymarket-watch/internal/models/report.go:100.24,101.16 1 1
github.com/victorihuoma/polymarket-watch/internal/models/report.go:102.24,103.18 1 1
github.com/victorihuoma/polymarket-watch/internal/models/report.go:104.10,105.15 1 1
github.com/victorihuoma/polymarket-watch/internal/models/report.go:110.53,111.59 1 1
github.com/victorihuoma/polymarket-watch/internal/models/report.go:111.59,113.3 1 1
github.com/victorihuoma/polymarket-watch/internal/models/report.go:114.2,114.46 1 1
github.com/victorihuoma/polymarket-watch/internal/models/report.go:118.44,119.24 1 1
github.com/victorihuoma/polymarket-watch/internal/models/report.go:119.24,121.3 1 1
github.com/victorihuoma/polymarket-watch/internal/models/report.go:122.2,124.14 3 1
github.com/victorihuoma/polymarket-watch/internal/models/report.go:124.14,126.3 1 1
github.com/victorihuoma/polymarket-watch/internal/models/report.go:127.2,127.38 1 1
github.com/victorihuoma/polymarket-watch/internal/models/trade.go:76.50,78.51 2 1
github.com/victorihuoma/polymarket-watch/internal/models/trade.go:78.51,80.3 1 0
github.com/victorihuoma/polymarket-watch/internal/models/trade.go:82.2,94.29 11 1
github.com/victorihuoma/polymarket-watch/internal/models/trade.go:94.29,96.3 1 1
github.com/victorihuoma/polymarket-watch/internal/models/trade.go:97.2,97.32 1 1
github.com/victorihuoma/polymarket-watch/internal/models/trade.go:97.32,99.3 1 1
github.com/victorihuoma/polymarket-watch/internal/models/trade.go:102.2,102.20 1 1
github.com/victorihuoma/polymarket-watch/internal/models/trade.go:102.20,104.17 2 1
github.com/victorihuoma/polymarket-watch/internal/models/trade.go:104.17,106.4 1 0
github.com/victorihuoma/polymarket-watch/internal/models/trade.go:107.3,107.16 1 1
github.com/victorihuoma/polymarket-watch/internal/models/trade.go:110.2,110.26 1 1
github.com/victorihuoma/polymarket-watch/internal/models/trade.go:110.26,112.17 2 1
github.com/victorihuoma/polymarket-watch/internal/models/trade.go:112.17,114.4 1 0
github.com/victorihuoma/polymarket-watch/internal/models/trade.go:115.3,115.21 1 1
github.com/victorihuoma/polymarket-watch/internal/models/trade.go:118.2,118.21 1 1
github.com/victorihuoma/polymarket-watch/internal/models/trade.go:118.21,120.17 2 1
github.com/victorihuoma/polymarket-watch/internal/models/trade.go:120.17,122.4 1 0
github.com/victorihuoma/polymarket-watch/internal/models/trade.go:123.3,123.18 1 1
github.com/victorihuoma/polymarket-watch/internal/models/trade.go:126.2,126.27 1 1
github.com/victorihuoma/polymarket-watch/internal/models/trade.go:126.27,128.17 2 1
github.com/victorihuoma/polymarket-watch/internal/models/trade.go:128.17,130.4 1 0
github.com/victorihuoma/polymarket-watch/internal/models/trade.go:131.3,131.22 1 1
github.com/victorihuoma/polymarket-watch/internal/models/trade.go:135.2,135.25 1 1
github.com/victorihuoma/polymarket-watch/internal/models/trade.go:135.25,137.17 2 1
github.com/victorihuoma/polymarket-watch/internal/models/trade.go:137.17,139.4 1 0
github.com/victorihuoma/polymarket-watch/internal/models/trade.go:140.3,140.26 1 1
github.com/victorihuoma/polymarket-watch/internal/models/trade.go:143.2,143.26 1 1
github.com/victorihuoma/polymarket-watch/internal/models/trade.go:143.26,145.17 2 1
github.com/victorihuoma/polymarket-watch/internal/models/trade.go:145.17,147.4 1 0
github.com/victorihuoma/polymarket-watch/internal/models/trade.go:148.3,148.28 1 1
github.com/victorihuoma/polymarket-watch/internal/models/trade.go:151.2,151.12 1 1
github.com/victorihuoma/polymarket-watch/internal/models/trade.go:155.30,157.2 1 1
github.com/victorihuoma/polymarket-watch/internal/models/trade.go:160.31,162.2 1 1
github.com/victorihuoma/polymarket-watch/internal/models/trade.go:165.33,167.2 1 1
github.com/victorihuoma/polymarket-watch/internal/models/trade.go:173.34,174.37 1 1
github.com/victorihuoma/polymarket-watch/internal/models/trade.go:174.37,176.3 1 1
github.com/victorihuoma/polymarket-watch/internal/models/trade.go:180.61,182.27 2 1
github.com/victorihuoma/polymarket-watch/internal/models/trade.go:182.27,183.29 1 1
github.com/victorihuoma/polymarket-watch/internal/models/trade.go:183.29,185.4 1 1
github.com/victorihuoma/polymarket-watch/internal/models/trade.go:187.2,187.17 1 1
github.com/victorihuoma/polymarket-watch/internal/models/trade.go:191.42,193.27 2 1
github.com/victorihuoma/polymarket-watch/internal/models/trade.go:193.27,195.3 1 1
github.com/victorihuoma/polymarket-watch/internal/models/trade.go:196.2,196.14 1 1
github.com/victorihuoma/polymarket-watch/internal/output/json.go:22.52,28.27 2 1
github.com/victorihuoma/polymarket-watch/internal/output/json.go:28.27,30.3 1 1
github.com/victorihuoma/polymarket-watch/internal/output/json.go:32.2,32.11 1 1
github.com/victorihuoma/polymarket-watch/internal/output/json.go:36.45,37.30 1 1
github.com/victorihuoma/polymarket-watch/internal/output/json.go:37.30,39.3 1 1
github.com/victorihuoma/polymarket-watch/internal/output/json.go:43.47,44.30 1 1
github.com/victorihuoma/polymarket-watch/internal/output/json.go:44.30,46.3 1 1
github.com/victorihuoma/polymarket-watch/internal/output/json.go:50.62,51.19 1 1
github.com/victorihuoma/polymarket-watch/internal/output/json.go:51.19,53.3 1 1
github.com/victorihuoma/polymarket-watch/internal/output/json.go:55.2,55.26 1 1
github.com/victorihuoma/polymarket-watch/internal/output/json.go:59.72,60.20 1 1
github.com/victorihuoma/polymarket-watch/internal/output/json.go:60.20,62.3 1 1
github.com/victorihuoma/polymarket-watch/internal/output/json.go:64.2,64.27 1 1
github.com/victorihuoma/polymarket-watch/internal/output/json.go:68.51,72.20 3 1
github.com/victorihuoma/polymarket-watch/internal/output/json.go:72.20,74.3 1 1
github.com/victorihuoma/polymarket-watch/internal/output/json.go:74.8,76.3 1 1
github.com/victorihuoma/polymarket-watch/internal/output/json.go:78.2,78.16 1 1
github.com/victorihuoma/polymarket-watch/internal/output/json.go:78.16,80.3 1 0
github.com/victorihuoma/polymarket-watch/internal/output/json.go:82.2,84.12 3 1
github.com/victorihuoma/polymarket-watch/internal/output/json.go:88.74,89.19 1 1
github.com/victorihuoma/polymarket-watch/internal/output/json.go:89.19,91.3 1 1
github.com/victorihuoma/polymarket-watch/internal/output/json.go:93.2,94.16 2 1
github.com/victorihuoma/polymarket-watch/internal/output/json.go:94.16,96.3 1 1
github.com/victorihuoma/polymarket-watch/internal/output/json.go:97.2,100.25 3 1
github.com/victorihuoma/polymarket-watch/internal/output/json.go:104.78,106.16 2 1
github.com/victorihuoma/polymarket-watch/internal/output/json.go:106.16,108.3 1 0
github.com/victorihuoma/polymarket-watch/internal/output/json.go:109.2,112.33 3 1
github.com/victorihuoma/polymarket-watch/internal/output/terminal.go:34.56,40.27 2 1
github.com/victorihuoma/polymarket-watch/internal/output/terminal.go:40.27,42.3 1 1
github.com/victorihuoma/polymarket-watch/internal/output/terminal.go:44.2,44.10 1 1
github.com/victorihuoma/polymarket-watch/internal/output/terminal.go:48.37,49.33 1 1
github.com/victorihuoma/polymarket-watch/internal/output/terminal.go:49.33,51.3 1 1
github.com/victorihuoma/polymarket-watch/internal/output/terminal.go:55.37,56.33 1 1
github.com/victorihuoma/polymarket-watch/internal/output/terminal.go:56.33,58.3 1 1
github.com/victorihuoma/polymarket-watch/internal/output/terminal.go:62.65,80.20 12 1
github.com/victorihuoma/polymarket-watch/internal/output/terminal.go:80.20,84.3 3 0
github.com/victorihuoma/polymarket-watch/internal/output/terminal.go:86.2,94.29 5 1
github.com/victorihuoma/polymarket-watch/internal/output/terminal.go:94.29,96.3 1 1
github.com/victorihuoma/polymarket-watch/internal/output/terminal.go:99.2,104.12 4 1
github.com/victorihuoma/polymarket-watch/internal/output/terminal.go:108.73,117.31 6 1
github.com/victorihuoma/polymarket-watch/internal/output/terminal.go:117.31,119.3 1 1
github.com/victorihuoma/polymarket-watch/internal/output/terminal.go:120.2,129.37 3 1
github.com/victorihuoma/polymarket-watch/internal/output/terminal.go:129.37,138.3 6 1
github.com/victorihuoma/polymarket-watch/internal/output/terminal.go:140.2,141.24 2 1
github.com/victorihuoma/polymarket-watch/internal/output/terminal.go:145.66,149.40 3 1
github.com/victorihuoma/polymarket-watch/internal/output/terminal.go:149.40,151.21 2 1
github.com/victorihuoma/polymarket-watch/internal/output/terminal.go:151.21,154.4 2 0
github.com/victorihuoma/polymarket-watch/internal/output/terminal.go:156.3,159.31 3 1
github.com/victorihuoma/polymarket-watch/internal/output/terminal.go:159.31,162.38 3 1
github.com/victorihuoma/polymarket-watch/internal/output/terminal.go:162.38,164.5 1 1
github.com/victorihuoma/polymarket-watch/internal/output/terminal.go:165.4,166.60 2 1
github.com/victorihuoma/polymarket-watch/internal/output/terminal.go:168.3,168.25 1 1
github.com/victorihuoma/polymarket-watch/internal/output/terminal.go:173.64,190.36 13 1
github.com/victorihuoma/polymarket-watch/internal/output/terminal.go:190.36,192.3 1 1
github.com/victorihuoma/polymarket-watch/internal/output/terminal.go:193.2,193.35 1 1
github.com/victorihuoma/polymarket-watch/internal/output/terminal.go:193.35,195.3 1 1
github.com/victorihuoma/polymarket-watch/internal/output/terminal.go:197.2,198.18 2 1
github.com/victorihuoma/polymarket-watch/internal/output/terminal.go:198.18,201.3 2 1
github.com/victorihuoma/polymarket-watch/internal/output/terminal.go:203.2,204.22 2 1
github.com/victorihuoma/polymarket-watch/internal/output/terminal.go:204.22,206.3 1 1
github.com/victorihuoma/polymarket-watch/internal/output/terminal.go:208.2,209.24 2 1
github.com/victorihuoma/polymarket-watch/internal/output/terminal.go:213.75,214.23 1 1
github.com/victorihuoma/polymarket-watch/internal/output/terminal.go:214.23,217.3 2 1
github.com/victorihuoma/polymarket-watch/internal/output/terminal.go:219.2,231.41 10 1
github.com/victorihuoma/polymarket-watch/internal/output/terminal.go:231.41,233.3 1 1
github.com/victorihuoma/polymarket-watch/internal/output/terminal.go:235.2,237.32 2 1
github.com/victorihuoma/polymarket-watch/internal/output/terminal.go:237.32,239.19 2 1
github.com/victorihuoma/polymarket-watch/internal/output/terminal.go:240.15,241.15 1 1
github.com/victorihuoma/polymarket-watch/internal/output/terminal.go:242.17,243.17 1 0
github.com/victorihuoma/polymarket-watch/internal/output/terminal.go:244.11,245.14 1 1
github.com/victorihuoma/polymarket-watch/internal/output/terminal.go:248.3,249.21 2 1
github.com/victorihuoma/polymarket-watch/internal/output/terminal.go:249.21,252.4 2 0
github.com/victorihuoma/polymarket-watch/internal/output/terminal.go:254.3,261.4 2 1
github.com/victorihuoma/polymarket-watch/internal/output/terminal.go:264.2,276.12 10 1
github.com/victorihuoma/polymarket-watch/internal/output/terminal.go:280.70,281.18 1 0
github.com/victorihuoma/polymarket-watch/internal/output/terminal.go:282.14,283.44 1 0
github.com/victorihuoma/polymarket-watch/internal/output/terminal.go:284.16,285.47 1 0
github.com/victorihuoma/polymarket-watch/internal/output/terminal.go:286.10,287.34 1 0
github.com/victorihuoma/polymarket-watch/internal/output/terminal.go:294.43,295.23 1 1
github.com/victorihuoma/polymarket-watch/internal/output/terminal.go:295.23,297.3 1 1
github.com/victorihuoma/polymarket-watch/internal/output/terminal.go:298.2,298.52 1 1
github.com/victorihuoma/polymarket-watch/internal/output/terminal.go:302.42,304.2 1 1
github.com/victorihuoma/polymarket-watch/internal/output/terminal.go:307.41,313.12 4 1
github.com/victorihuoma/polymarket-watch/internal/output/terminal.go:313.12,315.3 1 1
github.com/victorihuoma/polymarket-watch/internal/output/terminal.go:317.2,321.19 4 1
github.com/victorihuoma/polymarket-watch/internal/output/terminal.go:321.19,323.20 2 1
github.com/victorihuoma/polymarket-watch/internal/output/terminal.go:323.20,325.4 1 1
github.com/victorihuoma/polymarket-watch/internal/output/terminal.go:328.2,328.36 1 1
github.com/victorihuoma/polymarket-watch/internal/output/terminal.go:328.36,330.14 2 1
github.com/victorihuoma/polymarket-watch/internal/output/terminal.go:330.14,332.4 1 1
github.com/victorihuoma/polymarket-watch/internal/output/terminal.go:335.2,335.24 1 1
github.com/victorihuoma/polymarket-watch/internal/output/terminal.go:339.44,341.2 1 1
github.com/victorihuoma/polymarket-watch/cmd/polymarket-watch/main.go:28.13,29.44 1 0
github.com/victorihuoma/polymarket-watch/cmd/polymarket-watch/main.go:29.44,32.3 2 0
github.com/victorihuoma/polymarket-watch/cmd/polymarket-watch/main.go:36.31,51.2 5 1
github.com/victorihuoma/polymarket-watch/cmd/polymarket-watch/main.go:54.31,65.55 2 1
github.com/victorihuoma/polymarket-watch/cmd/polymarket-watch/main.go:65.55,66.20 1 0
github.com/victorihuoma/polymarket-watch/cmd/polymarket-watch/main.go:66.20,68.5 1 0
github.com/victorihuoma/polymarket-watch/cmd/polymarket-watch/main.go:71.4,76.14 5 0
github.com/victorihuoma/polymarket-watch/cmd/polymarket-watch/main.go:76.14,80.5 3 0
github.com/victorihuoma/polymarket-watch/cmd/polymarket-watch/main.go:83.4,85.18 3 0
github.com/victorihuoma/polymarket-watch/cmd/polymarket-watch/main.go:85.18,87.5 1 0
github.com/victorihuoma/polymarket-watch/cmd/polymarket-watch/main.go:90.4,90.55 1 0
github.com/victorihuoma/polymarket-watch/cmd/polymarket-watch/main.go:94.2,99.12 5 1
github.com/victorihuoma/polymarket-watch/cmd/polymarket-watch/main.go:103.32,117.55 2 1
github.com/victorihuoma/polymarket-watch/cmd/polymarket-watch/main.go:117.55,118.18 1 0
github.com/victorihuoma/polymarket-watch/cmd/polymarket-watch/main.go:118.18,120.5 1 0
github.com/victorihuoma/polymarket-watch/cmd/polymarket-watch/main.go:123.4,124.18 2 0
github.com/victorihuoma/polymarket-watch/cmd/polymarket-watch/main.go:124.18,126.5 1 0
github.com/victorihuoma/polymarket-watch/cmd/polymarket-watch/main.go:128.4,128.25 1 0
github.com/victorihuoma/polymarket-watch/cmd/polymarket-watch/main.go:128.25,130.5 1 0
github.com/victorihuoma/polymarket-watch/cmd/polymarket-watch/main.go:133.4,138.14 5 0
github.com/victorihuoma/polymarket-watch/cmd/polymarket-watch/main.go:138.14,142.5 3 0
github.com/victorihuoma/polymarket-watch/cmd/polymarket-watch/main.go:145.4,148.21 2 0
github.com/victorihuoma/polymarket-watch/cmd/polymarket-watch/main.go:148.21,150.28 2 0
github.com/victorihuoma/polymarket-watch/cmd/polymarket-watch/main.go:150.28,152.6 1 0
github.com/victorihuoma/polymarket-watch/cmd/polymarket-watch/main.go:155.4,155.25 1 0
github.com/victorihuoma/polymarket-watch/cmd/polymarket-watch/main.go:155.25,157.5 1 0
github.com/victorihuoma/polymarket-watch/cmd/polymarket-watch/main.go:160.4,160.57 1 0
github.com/victorihuoma/polymarket-watch/cmd/polymarket-watch/main.go:164.2,170.12 6 1
github.com/victorihuoma/polymarket-watch/cmd/polymarket-watch/main.go:176.61,178.16 2 1
github.com/victorihuoma/polymarket-watch/cmd/polymarket-watch/main.go:178.16,180.3 1 1
github.com/victorihuoma/polymarket-watch/cmd/polymarket-watch/main.go:181.2,186.21 4 1
github.com/victorihuoma/polymarket-watch/cmd/polymarket-watch/main.go:186.21,190.49 2 1
github.com/victorihuoma/polymarket-watch/cmd/polymarket-watch/main.go:190.49,191.12 1 1
github.com/victorihuoma/polymarket-watch/cmd/polymarket-watch/main.go:194.3,194.34 1 1
github.com/victorihuoma/polymarket-watch/cmd/polymarket-watch/main.go:197.2,197.38 1 1
github.com/victorihuoma/polymarket-watch/cmd/polymarket-watch/main.go:197.38,199.3 1 0
github.com/victorihuoma/polymarket-watch/cmd/polymarket-watch/main.go:201.2,201.21 1 1
github.com/victorihuoma/polymarket-watch/cmd/polymarket-watch/main.go:211.118,212.21 1 1
github.com/victorihuoma/polymarket-watch/cmd/polymarket-watch/main.go:212.21,214.3 1 1
github.com/victorihuoma/polymarket-watch/cmd/polymarket-watch/main.go:216.2,221.33 4 1
github.com/victorihuoma/polymarket-watch/cmd/polymarket-watch/main.go:221.33,223.21 2 1
github.com/victorihuoma/polymarket-watch/cmd/polymarket-watch/main.go:223.21,227.11 2 1
github.com/victorihuoma/polymarket-watch/cmd/polymarket-watch/main.go:228.33,229.18 1 1
github.com/victorihuoma/polymarket-watch/cmd/polymarket-watch/main.go:229.18,229.33 1 1
github.com/victorihuoma/polymarket-watch/cmd/polymarket-watch/main.go:230.22,232.11 2 1
github.com/victorihuoma/polymarket-watch/cmd/polymarket-watch/main.go:236.4,238.18 3 1
github.com/victorihuoma/polymarket-watch/cmd/polymarket-watch/main.go:238.18,241.5 2 1
github.com/victorihuoma/polymarket-watch/cmd/polymarket-watch/main.go:243.4,243.45 1 0
github.com/victorihuoma/polymarket-watch/cmd/polymarket-watch/main.go:248.2,248.12 1 1
github.com/victorihuoma/polymarket-watch/cmd/polymarket-watch/main.go:248.12,251.3 2 1
github.com/victorihuoma/polymarket-watch/cmd/polymarket-watch/main.go:254.2,257.34 3 1
github.com/victorihuoma/polymarket-watch/cmd/polymarket-watch/main.go:257.34,258.24 1 1
github.com/victorihuoma/polymarket-watch/cmd/polymarket-watch/main.go:258.24,260.4 1 1
github.com/victorihuoma/polymarket-watch/cmd/polymarket-watch/main.go:260.9,262.4 1 0
github.com/victorihuoma/polymarket-watch/cmd/polymarket-watch/main.go:265.2,265.22 1 1
github.com/victorihuoma/polymarket-watch/cmd/polymarket-watch/main.go:269.88,270.22 1 1
github.com/victorihuoma/polymarket-watch/cmd/polymarket-watch/main.go:270.22,271.17 1 1
github.com/victorihuoma/polymarket-watch/cmd/polymarket-watch/main.go:271.17,273.4 1 1
github.com/victorihuoma/polymarket-watch/cmd/polymarket-watch/main.go:275.3,276.17 2 1
github.com/victorihuoma/polymarket-watch/cmd/polymarket-watch/main.go:276.17,278.4 1 0
github.com/victorihuoma/polymarket-watch/cmd/polymarket-watch/main.go:279.3,281.33 3 1
github.com/victorihuoma/polymarket-watch/cmd/polymarket-watch/main.go:284.2,285.16 2 1
github.com/victorihuoma/polymarket-watch/cmd/polymarket-watch/main.go:285.16,287.3 1 0
github.com/victorihuoma/polymarket-watch/cmd/polymarket-watch/main.go:287.8,289.3 1 1
github.com/victorihuoma/polymarket-watch/cmd/polymarket-watch/main.go:291.2,291.32 1 1
github.com/victorihuoma/polymarket-watch/cmd/polymarket-watch/main.go:295.92,296.22 1 1
github.com/victorihuoma/polymarket-watch/cmd/polymarket-watch/main.go:296.22,297.17 1 1
github.com/victorihuoma/polymarket-watch/cmd/polymarket-watch/main.go:297.17,299.4 1 1
github.com/victorihuoma/polymarket-watch/cmd/polymarket-watch/main.go:301.3,302.17 2 1
github.com/victorihuoma/polymarket-watch/cmd/polymarket-watch/main.go:302.17,304.4 1 0
github.com/victorihuoma/polymarket-watch/cmd/polymarket-watch/main.go:305.3,307.41 3 1
github.com/victorihuoma/polymarket-watch/cmd/polymarket-watch/main.go:310.2,311.16 2 1
github.com/victorihuoma/polymarket-watch/cmd/polymarket-watch/main.go:311.16,313.3 1 0
github.com/victorihuoma/polymarket-watch/cmd/polymarket-watch/main.go:313.8,315.3 1 1
github.com/victorihuoma/polymarket-watch/cmd/polymarket-watch/main.go:317.2,317.40 1 1
github.com/victorihuoma/polymarket-watch/cmd/polymarket-watch/main.go:344.54,349.2 1 1
github.com/victorihuoma/polymarket-watch/cmd/polymarket-watch/main.go:352.62,356.2 3 1
github.com/victorihuoma/polymarket-watch/cmd/polymarket-watch/main.go:359.65,363.2 3 1
github.com/victorihuoma/polymarket-watch/cmd/polymarket-watch/main.go:366.46,368.2 1 1
github.com/victorihuoma/polymarket-watch/cmd/polymarket-watch/main.go:371.81,372.20 1 1
github.com/victorihuoma/polymarket-watch/cmd/polymarket-watch/main.go:372.20,374.3 1 1
github.com/victorihuoma/polymarket-watch/cmd/polymarket-watch/main.go:376.2,377.31 2 1
github.com/victorihuoma/polymarket-watch/cmd/polymarket-watch/main.go:377.31,378.35 1 1
github.com/victorihuoma/polymarket-watch/cmd/polymarket-watch/main.go:378.35,380.4 1 1
github.com/victorihuoma/polymarket-watch/cmd/polymarket-watch/main.go:382.2,382.18 1 1
github.com/victorihuoma/polymarket-watch/cmd/polymarket-watch/main.go:386.45,388.2 1 1
github.com/victorihuoma/polymarket-watch/cmd/polymarket-watch/main.go:391.52,403.2 3 1
github.com/victorihuoma/polymarket-watch/cmd/polymarket-watch/main.go:406.47,407.23 1 1
github.com/victorihuoma/polymarket-watch/cmd/polymarket-watch/main.go:407.23,409.3 1 0
github.com/victorihuoma/polymarket-watch/cmd/polymarket-watch/main.go:410.2,410.52 1 1
github.com/victorihuoma/polymarket-watch/cmd/polymarket-watch/main.go:414.34,430.55 2 1
github.com/victorihuoma/polymarket-watch/cmd/polymarket-watch/main.go:430.55,432.34 1 1
github.com/victorihuoma/polymarket-watch/cmd/polymarket-watch/main.go:432.34,434.5 1 1
github.com/victorihuoma/polymarket-watch/cmd/polymarket-watch/main.go:437.4,438.20 2 0
github.com/victorihuoma/polymarket-watch/cmd/polymarket-watch/main.go:438.20,440.5 1 0
github.com/victorihuoma/polymarket-watch/cmd/polymarket-watch/main.go:442.4,442.18 1 0
github.com/victorihuoma/polymarket-watch/cmd/polymarket-watch/main.go:442.18,444.19 2 0
github.com/victorihuoma/polymarket-watch/cmd/polymarket-watch/main.go:444.19,446.6 1 0
github.com/victorihuoma/polymarket-watch/cmd/polymarket-watch/main.go:447.5,447.46 1 0
github.com/victorihuoma/polymarket-watch/cmd/polymarket-watch/main.go:450.4,450.25 1 0
github.com/victorihuoma/polymarket-watch/cmd/polymarket-watch/main.go:450.25,452.5 1 0
github.com/victorihuoma/polymarket-watch/cmd/polymarket-watch/main.go:455.4,460.14 5 0
github.com/victorihuoma/polymarket-watch/cmd/polymarket-watch/main.go:460.14,464.5 3 0
github.com/victorihuoma/polymarket-watch/cmd/polymarket-watch/main.go:467.4,475.70 6 0
github.com/victorihuoma/polymarket-watch/cmd/polymarket-watch/main.go:479.2,485.12 6 1
github.com/victorihuoma/polymarket-watch/cmd/polymarket-watch/main.go:489.125,496.6 4 0
github.com/victorihuoma/polymarket-watch/cmd/polymarket-watch/main.go:496.6,497.10 1 0
github.com/victorihuoma/polymarket-watch/cmd/polymarket-watch/main.go:498.21,500.14 2 0
github.com/victorihuoma/polymarket-watch/cmd/polymarket-watch/main.go:501.19,502.51 1 0
github.com/victorihuoma/polymarket-watch/cmd/polymarket-watch/main.go:508.93,511.33 2 0
github.com/victorihuoma/polymarket-watch/cmd/polymarket-watch/main.go:511.33,512.10 1 0
github.com/victorihuoma/polymarket-watch/cmd/polymarket-watch/main.go:513.21,514.10 1 0
github.com/victorihuoma/polymarket-watch/cmd/polymarket-watch/main.go:515.11,515.11 0 0
github.com/victorihuoma/polymarket-watch/cmd/polymarket-watch/main.go:518.3,519.17 2 0
github.com/victorihuoma/polymarket-watch/cmd/polymarket-watch/main.go:519.17,521.12 2 0
github.com/victorihuoma/polymarket-watch/cmd/polymarket-watch/main.go:525.3,528.19 2 0
github.com/victorihuoma/polymarket-watch/cmd/polymarket-watch/main.go:528.19,530.4 1 0
github.com/victorihuoma/polymarket-watch/cmd/polymarket-watch/main.go:535.113,540.16 3 0
github.com/victorihuoma/polymarket-watch/cmd/polymarket-watch/main.go:540.16,542.3 1 0
github.com/victorihuoma/polymarket-watch/cmd/polymarket-watch/main.go:545.2,549.25 3 0
github.com/victorihuoma/polymarket-watch/cmd/polymarket-watch/main.go:549.25,553.3 1 0
github.com/victorihuoma/polymarket-watch/cmd/polymarket-watch/main.go:556.2,556.63 1 0
github.com/victorihuoma/polymarket-watch/cmd/polymarket-watch/main.go:556.63,565.3 1 0
github.com/victorihuoma/polymarket-watch/cmd/polymarket-watch/main.go:567.2,567.17 1 0
github.com/victorihuoma/polymarket-watch/cmd/polymarket-watch/main.go:571.73,572.67 1 0
github.com/victorihuoma/polymarket-watch/cmd/polymarket-watch/main.go:572.67,574.3 1 0
github.com/victorihuoma/polymarket-watch/cmd/polymarket-watch/main.go:577.2,577.43 1 0
github.com/victorihuoma/polymarket-watch/cmd/polymarket-watch/main.go:577.43,579.3 1 0
github.com/victorihuoma/polymarket-watch/cmd/polymarket-watch/main.go:582.2,582.43 1 0
github.com/victorihuoma/polymarket-watch/cmd/polymarket-watch/main.go:582.43,584.3 1 0
github.com/victorihuoma/polymarket-watch/cmd/polymarket-watch/main.go:587.2,588.23 2 0
github.com/victorihuoma/polymarket-watch/cmd/polymarket-watch/main.go:588.23,590.3 1 0
github.com/victorihuoma/polymarket-watch/cmd/polymarket-watch/main.go:592.2,596.35 3 0
github.com/victorihuoma/polymarket-watch/cmd/polymarket-watch/main.go:596.35,598.3 1 0
github.com/victorihuoma/polymarket-watch/cmd/polymarket-watch/main.go:600.2,600.18 1 0
github.com/victorihuoma/polymarket-watch/cmd/polymarket-watch/main.go:604.55,605.16 1 0
github.com/victorihuoma/polymarket-watch/cmd/polymarket-watch/main.go:605.16,607.17 2 0
github.com/victorihuoma/polymarket-watch/cmd/polymarket-watch/main.go:607.17,610.4 2 0
github.com/victorihuoma/polymarket-watch/cmd/polymarket-watch/main.go:611.3,611.28 1 0
github.com/victorihuoma/polymarket-watch/cmd/polymarket-watch/main.go:612.8,614.3 1 0
github.com/victorihuoma/polymarket-watch/internal/scanner/arbitrage.go:46.61,47.36 1 1
github.com/victorihuoma/polymarket-watch/internal/scanner/arbitrage.go:47.36,49.3 1 1
github.com/victorihuoma/polymarket-watch/internal/scanner/arbitrage.go:53.71,57.27 2 1
github.com/victorihuoma/polymarket-watch/internal/scanner/arbitrage.go:57.27,59.3 1 1
github.com/victorihuoma/polymarket-watch/internal/scanner/arbitrage.go:60.2,60.10 1 1
github.com/victorihuoma/polymarket-watch/internal/scanner/arbitrage.go:64.43,66.2 1 1
github.com/victorihuoma/polymarket-watch/internal/scanner/arbitrage.go:69.46,71.2 1 1
github.com/victorihuoma/polymarket-watch/internal/scanner/arbitrage.go:98.49,100.41 2 1
github.com/victorihuoma/polymarket-watch/internal/scanner/arbitrage.go:100.41,102.3 1 1
github.com/victorihuoma/polymarket-watch/internal/scanner/arbitrage.go:103.2,103.14 1 1
github.com/victorihuoma/polymarket-watch/internal/scanner/arbitrage.go:109.109,115.25 2 1
github.com/victorihuoma/polymarket-watch/internal/scanner/arbitrage.go:115.25,117.3 1 1
github.com/victorihuoma/polymarket-watch/internal/scanner/arbitrage.go:120.2,121.29 2 1
github.com/victorihuoma/polymarket-watch/internal/scanner/arbitrage.go:121.29,123.3 1 1
github.com/victorihuoma/polymarket-watch/internal/scanner/arbitrage.go:126.2,130.37 2 1
github.com/victorihuoma/polymarket-watch/internal/scanner/arbitrage.go:130.37,132.27 2 1
github.com/victorihuoma/polymarket-watch/internal/scanner/arbitrage.go:132.27,141.4 1 1
github.com/victorihuoma/polymarket-watch/internal/scanner/arbitrage.go:145.2,145.41 1 1
github.com/victorihuoma/polymarket-watch/internal/scanner/arbitrage.go:145.41,147.3 1 1
github.com/victorihuoma/polymarket-watch/internal/scanner/arbitrage.go:151.2,167.15 4 1
github.com/victorihuoma/polymarket-watch/internal/scanner/arbitrage.go:171.86,173.42 1 1
github.com/victorihuoma/polymarket-watch/internal/scanner/arbitrage.go:173.42,175.3 1 1
github.com/victorihuoma/polymarket-watch/internal/scanner/arbitrage.go:177.2,177.42 1 1
github.com/victorihuoma/polymarket-watch/internal/scanner/arbitrage.go:177.42,179.3 1 1
github.com/victorihuoma/polymarket-watch/internal/scanner/arbitrage.go:181.2,181.14 1 1
github.com/victorihuoma/polymarket-watch/internal/scanner/frequency.go:34.66,35.33 1 1
github.com/victorihuoma/polymarket-watch/internal/scanner/frequency.go:35.33,37.3 1 1
github.com/victorihuoma/polymarket-watch/internal/scanner/frequency.go:41.62,45.27 2 1
github.com/victorihuoma/polymarket-watch/internal/scanner/frequency.go:45.27,47.3 1 1
github.com/victorihuoma/polymarket-watch/internal/scanner/frequency.go:48.2,48.10 1 1
github.com/victorihuoma/polymarket-watch/internal/scanner/frequency.go:52.40,54.2 1 1
github.com/victorihuoma/polymarket-watch/internal/scanner/frequency.go:57.43,59.2 1 1
github.com/victorihuoma/polymarket-watch/internal/scanner/frequency.go:76.71,77.27 1 1
github.com/victorihuoma/polymarket-watch/internal/scanner/frequency.go:77.27,79.3 1 1
github.com/victorihuoma/polymarket-watch/internal/scanner/frequency.go:80.2,81.39 2 1
github.com/victorihuoma/polymarket-watch/internal/scanner/frequency.go:81.39,82.27 1 1
github.com/victorihuoma/polymarket-watch/internal/scanner/frequency.go:82.27,84.4 1 1
github.com/victorihuoma/polymarket-watch/internal/scanner/frequency.go:86.2,86.55 1 1
github.com/victorihuoma/polymarket-watch/internal/scanner/frequency.go:90.66,95.25 2 1
github.com/victorihuoma/polymarket-watch/internal/scanner/frequency.go:95.25,97.3 1 1
github.com/victorihuoma/polymarket-watch/internal/scanner/frequency.go:100.2,103.37 4 1
github.com/victorihuoma/polymarket-watch/internal/scanner/frequency.go:103.37,105.27 2 1
github.com/victorihuoma/polymarket-watch/internal/scanner/frequency.go:105.27,107.4 1 1
github.com/victorihuoma/polymarket-watch/internal/scanner/frequency.go:108.3,108.27 1 1
github.com/victorihuoma/polymarket-watch/internal/scanner/frequency.go:108.27,110.4 1 1
github.com/victorihuoma/polymarket-watch/internal/scanner/frequency.go:112.2,115.24 2 1
github.com/victorihuoma/polymarket-watch/internal/scanner/frequency.go:115.24,118.38 3 1
github.com/victorihuoma/polymarket-watch/internal/scanner/frequency.go:118.38,121.4 2 1
github.com/victorihuoma/polymarket-watch/internal/scanner/frequency.go:122.3,123.75 2 1
github.com/victorihuoma/polymarket-watch/internal/scanner/frequency.go:126.2,126.14 1 1
github.com/victorihuoma/polymarket-watch/internal/scanner/frequency.go:132.106,139.40 2 1
github.com/victorihuoma/polymarket-watch/internal/scanner/frequency.go:139.40,141.3 1 1
github.com/victorihuoma/polymarket-watch/internal/scanner/frequency.go:144.2,150.41 5 1
github.com/victorihuoma/polymarket-watch/internal/scanner/frequency.go:150.41,153.3 2 1
github.com/victorihuoma/polymarket-watch/internal/scanner/frequency.go:156.2,165.16 4 1
github.com/victorihuoma/polymarket-watch/internal/scanner/frequency.go:165.16,167.3 1 1
github.com/victorihuoma/polymarket-watch/internal/scanner/frequency.go:169.2,189.15 4 1
github.com/victorihuoma/polymarket-watch/internal/scanner/frequency.go:193.87,195.20 1 1
github.com/victorihuoma/polymarket-watch/internal/scanner/frequency.go:195.20,197.3 1 1
github.com/victorihuoma/polymarket-watch/internal/scanner/frequency.go:202.2,207.14 2 1
github.com/victorihuoma/polymarket-watch/internal/scanner/frequency.go:207.14,209.3 1 1
github.com/victorihuoma/polymarket-watch/internal/scanner/frequency.go:212.2,212.22 1 1
github.com/victorihuoma/polymarket-watch/internal/scanner/frequency.go:212.22,214.3 1 1
github.com/victorihuoma/polymarket-watch/internal/scanner/frequency.go:218.2,218.34 1 1
github.com/victorihuoma/polymarket-watch/internal/scanner/frequency.go:218.34,220.3 1 0
github.com/victorihuoma/polymarket-watch/internal/scanner/frequency.go:223.2,223.34 1 1
github.com/victorihuoma/polymarket-watch/internal/scanner/frequency.go:223.34,225.3 1 1
github.com/victorihuoma/polymarket-watch/internal/scanner/frequency.go:227.2,227.10 1 0
github.com/victorihuoma/polymarket-watch/internal/scanner/frequency.go:232.75,233.21 1 1
github.com/victorihuoma/polymarket-watch/internal/scanner/frequency.go:233.21,235.3 1 0
github.com/victorihuoma/polymarket-watch/internal/scanner/frequency.go:236.2,236.54 1 1
github.com/victorihuoma/polymarket-watch/internal/scanner/frequency.go:240.89,244.34 2 1
github.com/victorihuoma/polymarket-watch/internal/scanner/frequency.go:244.34,246.3 1 1
github.com/victorihuoma/polymarket-watch/internal/scanner/frequency.go:249.2,249.56 1 1
github.com/victorihuoma/polymarket-watch/internal/scanner/frequency.go:249.56,251.3 1 1
github.com/victorihuoma/polymarket-watch/internal/scanner/frequency.go:254.2,254.14 1 0
github.com/victorihuoma/polymarket-watch/internal/scanner/scanner.go:25.54,26.26 1 1
github.com/victorihuoma/polymarket-watch/internal/scanner/scanner.go:26.26,28.3 1 1
github.com/victorihuoma/polymarket-watch/internal/scanner/scanner.go:32.56,33.26 1 1
github.com/victorihuoma/polymarket-watch/internal/scanner/scanner.go:33.26,35.3 1 1
github.com/victorihuoma/polymarket-watch/internal/scanner/scanner.go:39.52,40.26 1 1
github.com/victorihuoma/polymarket-watch/internal/scanner/scanner.go:40.26,42.3 1 1
github.com/victorihuoma/polymarket-watch/internal/scanner/scanner.go:51.49,62.27 2 1
github.com/victorihuoma/polymarket-watch/internal/scanner/scanner.go:62.27,64.3 1 1
github.com/victorihuoma/polymarket-watch/internal/scanner/scanner.go:66.2,66.10 1 1
github.com/victorihuoma/polymarket-watch/internal/scanner/scanner.go:71.56,73.39 2 1
github.com/victorihuoma/polymarket-watch/internal/scanner/scanner.go:73.39,75.3 1 1
github.com/victorihuoma/polymarket-watch/internal/scanner/scanner.go:76.2,76.16 1 1
github.com/victorihuoma/polymarket-watch/internal/scanner/scanner.go:81.88,84.16 2 1
github.com/victorihuoma/polymarket-watch/internal/scanner/scanner.go:84.16,86.3 1 1
github.com/victorihuoma/polymarket-watch/internal/scanner/scanner.go:89.2,90.16 2 1
github.com/victorihuoma/polymarket-watch/internal/scanner/scanner.go:90.16,92.3 1 0
github.com/victorihuoma/polymarket-watch/internal/scanner/scanner.go:95.2,97.20 2 1
github.com/victorihuoma/polymarket-watch/internal/scanner/scanner.go:102.121,106.39 2 1
github.com/victorihuoma/polymarket-watch/internal/scanner/scanner.go:106.39,109.41 3 1
github.com/victorihuoma/polymarket-watch/internal/scanner/scanner.go:109.41,111.4 1 1
github.com/victorihuoma/polymarket-watch/internal/scanner/scanner.go:115.2,120.15 3 1
github.com/victorihuoma/polymarket-watch/internal/scanner/scanner.go:124.107,135.31 5 1
github.com/victorihuoma/polymarket-watch/internal/scanner/scanner.go:135.31,139.62 3 1
github.com/victorihuoma/polymarket-watch/internal/scanner/scanner.go:139.62,141.4 1 1
github.com/victorihuoma/polymarket-watch/internal/scanner/scanner.go:142.3,142.38 1 1
github.com/victorihuoma/polymarket-watch/internal/scanner/scanner.go:142.38,144.4 1 1
github.com/victorihuoma/polymarket-watch/internal/scanner/scanner.go:147.2,153.24 5 1
github.com/victorihuoma/polymarket-watch/internal/scanner/scanner.go:153.24,155.33 2 1
github.com/victorihuoma/polymarket-watch/internal/scanner/scanner.go:155.33,157.4 1 1
github.com/victorihuoma/polymarket-watch/internal/scanner/scanner.go:158.3,158.62 1 1
github.com/victorihuoma/polymarket-watch/internal/scanner/scanner.go:162.2,164.14 2 1
github.com/victorihuoma/polymarket-watch/internal/scanner/sizing.go:34.54,35.33 1 1
github.com/victorihuoma/polymarket-watch/internal/scanner/sizing.go:35.33,37.3 1 1
github.com/victorihuoma/polymarket-watch/internal/scanner/sizing.go:41.57,42.33 1 1
github.com/victorihuoma/polymarket-watch/internal/scanner/sizing.go:42.33,44.3 1 1
github.com/victorihuoma/polymarket-watch/internal/scanner/sizing.go:48.62,53.27 2 1
github.com/victorihuoma/polymarket-watch/internal/scanner/sizing.go:53.27,55.3 1 1
github.com/victorihuoma/polymarket-watch/internal/scanner/sizing.go:56.2,56.10 1 1
github.com/victorihuoma/polymarket-watch/internal/scanner/sizing.go:60.40,62.2 1 1
github.com/victorihuoma/polymarket-watch/internal/scanner/sizing.go:65.43,67.2 1 1
github.com/victorihuoma/polymarket-watch/internal/scanner/sizing.go:87.56,88.17 1 1
github.com/victorihuoma/polymarket-watch/internal/scanner/sizing.go:88.17,90.3 1 1
github.com/victorihuoma/polymarket-watch/internal/scanner/sizing.go:91.2,91.26 1 1
github.com/victorihuoma/polymarket-watch/internal/scanner/sizing.go:96.50,97.23 1 1
github.com/victorihuoma/polymarket-watch/internal/scanner/sizing.go:97.23,99.3 1 1
github.com/victorihuoma/polymarket-watch/internal/scanner/sizing.go:101.2,102.31 2 1
github.com/victorihuoma/polymarket-watch/internal/scanner/sizing.go:102.31,103.26 1 1
github.com/victorihuoma/polymarket-watch/internal/scanner/sizing.go:103.26,105.4 1 1
github.com/victorihuoma/polymarket-watch/internal/scanner/sizing.go:107.2,107.52 1 1
github.com/victorihuoma/polymarket-watch/internal/scanner/sizing.go:112.36,114.24 1 1
github.com/victorihuoma/polymarket-watch/internal/scanner/sizing.go:114.24,116.3 1 1
github.com/victorihuoma/polymarket-watch/internal/scanner/sizing.go:119.2,120.22 2 1
github.com/victorihuoma/polymarket-watch/internal/scanner/sizing.go:124.64,127.22 2 1
github.com/victorihuoma/polymarket-watch/internal/scanner/sizing.go:127.22,129.3 1 1
github.com/victorihuoma/polymarket-watch/internal/scanner/sizing.go:131.2,138.31 6 1
github.com/victorihuoma/polymarket-watch/internal/scanner/sizing.go:138.31,141.29 3 1
github.com/victorihuoma/polymarket-watch/internal/scanner/sizing.go:141.29,143.4 1 1
github.com/victorihuoma/polymarket-watch/internal/scanner/sizing.go:144.3,144.29 1 1
github.com/victorihuoma/polymarket-watch/internal/scanner/sizing.go:144.29,146.4 1 1
github.com/victorihuoma/polymarket-watch/internal/scanner/sizing.go:148.2,151.21 2 1
github.com/victorihuoma/polymarket-watch/internal/scanner/sizing.go:151.21,153.36 2 1
github.com/victorihuoma/polymarket-watch/internal/scanner/sizing.go:153.36,156.4 2 1
github.com/victorihuoma/polymarket-watch/internal/scanner/sizing.go:157.3,158.37 2 1
github.com/victorihuoma/polymarket-watch/internal/scanner/sizing.go:161.2,161.14 1 1
github.com/victorihuoma/polymarket-watch/internal/scanner/sizing.go:166.106,173.31 2 1
github.com/victorihuoma/polymarket-watch/internal/scanner/sizing.go:173.31,175.3 1 1
github.com/victorihuoma/polymarket-watch/internal/scanner/sizing.go:178.2,187.16 5 1
github.com/victorihuoma/polymarket-watch/internal/scanner/sizing.go:187.16,189.3 1 1
github.com/victorihuoma/polymarket-watch/internal/scanner/sizing.go:191.2,211.15 4 1
github.com/victorihuoma/polymarket-watch/internal/scanner/sizing.go:215.73,217.27 1 1
github.com/victorihuoma/polymarket-watch/internal/scanner/sizing.go:217.27,219.3 1 1
github.com/victorihuoma/polymarket-watch/internal/scanner/sizing.go:222.2,222.46 1 1
github.com/victorihuoma/polymarket-watch/internal/scanner/sizing.go:222.46,224.3 1 0
github.com/victorihuoma/polymarket-watch/internal/scanner/sizing.go:227.2,227.25 1 1
github.com/victorihuoma/polymarket-watch/internal/scanner/sizing.go:227.25,230.3 1 0
github.com/victorihuoma/polymarket-watch/internal/scanner/sizing.go:235.2,235.48 1 1
github.com/victorihuoma/polymarket-watch/internal/scanner/sizing.go:235.48,237.3 1 1
github.com/victorihuoma/polymarket-watch/internal/scanner/sizing.go:240.2,240.48 1 1
github.com/victorihuoma/polymarket-watch/internal/scanner/sizing.go:240.48,242.3 1 0
github.com/victorihuoma/polymarket-watch/internal/scanner/sizing.go:244.2,244.10 1 1
github.com/victorihuoma/polymarket-watch/internal/scanner/sizing.go:248.75,250.75 1 1
github.com/victorihuoma/polymarket-watch/internal/scanner/sizing.go:250.75,252.3 1 1
github.com/victorihuoma/polymarket-watch/internal/scanner/sizing.go:255.2,255.29 1 1
github.com/victorihuoma/polymarket-watch/internal/scanner/sizing.go:255.29,257.3 1 1
github.com/victorihuoma/polymarket-watch/internal/scanner/sizing.go:260.2,260.14 1 1
github.com/victorihuoma/polymarket-watch/internal/scanner/winrate.go:32.60,33.34 1 1
github.com/victorihuoma/polymarket-watch/internal/scanner/winrate.go:33.34,35.3 1 1
github.com/victorihuoma/polymarket-watch/internal/scanner/winrate.go:39.59,40.34 1 1
github.com/victorihuoma/polymarket-watch/internal/scanner/winrate.go:40.34,42.3 1 1
github.com/victorihuoma/polymarket-watch/internal/scanner/winrate.go:46.65,51.27 2 1
github.com/victorihuoma/polymarket-watch/internal/scanner/winrate.go:51.27,53.3 1 1
github.com/victorihuoma/polymarket-watch/internal/scanner/winrate.go:54.2,54.10 1 1
github.com/victorihuoma/polymarket-watch/internal/scanner/winrate.go:58.41,60.2 1 1
github.com/victorihuoma/polymarket-watch/internal/scanner/winrate.go:63.44,65.2 1 1
github.com/victorihuoma/polymarket-watch/internal/scanner/winrate.go:84.61,86.2 1 1
github.com/victorihuoma/polymarket-watch/internal/scanner/winrate.go:91.66,94.22 2 1
github.com/victorihuoma/polymarket-watch/internal/scanner/winrate.go:94.22,96.3 1 1
github.com/victorihuoma/polymarket-watch/internal/scanner/winrate.go:99.2,112.37 6 1
github.com/victorihuoma/polymarket-watch/internal/scanner/winrate.go:112.37,118.20 2 1
github.com/victorihuoma/polymarket-watch/internal/scanner/winrate.go:118.20,121.4 1 1
github.com/victorihuoma/polymarket-watch/internal/scanner/winrate.go:121.9,121.28 1 1
github.com/victorihuoma/polymarket-watch/internal/scanner/winrate.go:121.28,123.61 1 1
github.com/victorihuoma/polymarket-watch/internal/scanner/winrate.go:123.61,132.19 5 1
github.com/victorihuoma/polymarket-watch/internal/scanner/winrate.go:132.19,135.6 2 1
github.com/victorihuoma/polymarket-watch/internal/scanner/winrate.go:135.11,138.6 2 1
github.com/victorihuoma/polymarket-watch/internal/scanner/winrate.go:144.2,144.27 1 1
github.com/victorihuoma/polymarket-watch/internal/scanner/winrate.go:144.27,146.3 1 1
github.com/victorihuoma/polymarket-watch/internal/scanner/winrate.go:148.2,148.14 1 1
github.com/victorihuoma/polymarket-watch/internal/scanner/winrate.go:153.107,160.31 2 1
github.com/victorihuoma/polymarket-watch/internal/scanner/winrate.go:160.31,162.3 1 1
github.com/victorihuoma/polymarket-watch/internal/scanner/winrate.go:165.2,168.37 2 1
github.com/victorihuoma/polymarket-watch/internal/scanner/winrate.go:168.37,170.3 1 1
github.com/victorihuoma/polymarket-watch/internal/scanner/winrate.go:173.2,173.40 1 1
github.com/victorihuoma/polymarket-watch/internal/scanner/winrate.go:173.40,175.3 1 1
github.com/victorihuoma/polymarket-watch/internal/scanner/winrate.go:178.2,197.15 4 1
github.com/victorihuoma/polymarket-watch/internal/scanner/winrate.go:201.70,210.27 2 1
github.com/victorihuoma/polymarket-watch/internal/scanner/winrate.go:210.27,212.3 1 1
github.com/victorihuoma/polymarket-watch/internal/scanner/winrate.go:216.2,220.30 2 1
github.com/victorihuoma/polymarket-watch/internal/scanner/winrate.go:220.30,222.3 1 0
github.com/victorihuoma/polymarket-watch/internal/scanner/winrate.go:225.2,225.17 1 1
github.com/victorihuoma/polymarket-watch/internal/scanner/winrate.go:225.17,227.3 1 0
github.com/victorihuoma/polymarket-watch/internal/scanner/winrate.go:229.2,229.14 1 1
github.com/victorihuoma/polymarket-watch/internal/scanner/winrate.go:233.85,235.63 1 1
github.com/victorihuoma/polymarket-watch/internal/scanner/winrate.go:235.63,237.3 1 1
github.com/victorihuoma/polymarket-watch/internal/scanner/winrate.go:240.2,240.42 1 1
github.com/victorihuoma/polymarket-watch/internal/scanner/winrate.go:240.42,242.3 1 1
github.com/victorihuoma/polymarket-watch/internal/scanner/winrate.go:245.2,245.14 1 1
github.com/victorihuoma/polymarket-watch/internal/api/client.go:47.56,48.25 1 1
github.com/victorihuoma/polymarket-watch/internal/api/client.go:48.25,49.29 1 1
github.com/victorihuoma/polymarket-watch/internal/api/client.go:49.29,51.4 1 1
github.com/victorihuoma/polymarket-watch/internal/api/client.go:52.3,52.52 1 1
github.com/victorihuoma/polymarket-watch/internal/api/client.go:57.54,58.25 1 1
github.com/victorihuoma/polymarket-watch/internal/api/client.go:58.25,60.3 1 1
github.com/victorihuoma/polymarket-watch/internal/api/client.go:64.44,65.25 1 1
github.com/victorihuoma/polymarket-watch/internal/api/client.go:65.25,66.18 1 1
github.com/victorihuoma/polymarket-watch/internal/api/client.go:66.18,68.4 1 0
github.com/victorihuoma/polymarket-watch/internal/api/client.go:69.3,69.22 1 1
github.com/victorihuoma/polymarket-watch/internal/api/client.go:74.46,83.27 2 1
github.com/victorihuoma/polymarket-watch/internal/api/client.go:83.27,85.3 1 1
github.com/victorihuoma/polymarket-watch/internal/api/client.go:87.2,87.10 1 1
github.com/victorihuoma/polymarket-watch/internal/api/client.go:91.79,93.2 1 1
github.com/victorihuoma/polymarket-watch/internal/api/client.go:96.119,98.16 2 1
github.com/victorihuoma/polymarket-watch/internal/api/client.go:98.16,100.3 1 0
github.com/victorihuoma/polymarket-watch/internal/api/client.go:102.2,103.27 2 1
github.com/victorihuoma/polymarket-watch/internal/api/client.go:103.27,105.3 1 1
github.com/victorihuoma/polymarket-watch/internal/api/client.go:106.2,108.60 2 1
github.com/victorihuoma/polymarket-watch/internal/api/client.go:112.111,116.52 3 1
github.com/victorihuoma/polymarket-watch/internal/api/client.go:116.52,118.49 1 1
github.com/victorihuoma/polymarket-watch/internal/api/client.go:118.49,120.4 1 0
github.com/victorihuoma/polymarket-watch/internal/api/client.go:122.3,123.17 2 1
github.com/victorihuoma/polymarket-watch/internal/api/client.go:123.17,125.4 1 0
github.com/victorihuoma/polymarket-watch/internal/api/client.go:126.3,129.17 3 1
github.com/victorihuoma/polymarket-watch/internal/api/client.go:129.17,132.24 2 1
github.com/victorihuoma/polymarket-watch/internal/api/client.go:132.24,134.5 1 1
github.com/victorihuoma/polymarket-watch/internal/api/client.go:136.4,136.27 1 0
github.com/victorihuoma/polymarket-watch/internal/api/client.go:136.27,138.5 1 0
github.com/victorihuoma/polymarket-watch/internal/api/client.go:139.4,139.12 1 0
github.com/victorihuoma/polymarket-watch/internal/api/client.go:143.3,143.67 1 1
github.com/victorihuoma/polymarket-watch/internal/api/client.go:143.67,148.12 4 1
github.com/victorihuoma/polymarket-watch/internal/api/client.go:151.3,151.19 1 1
github.com/victorihuoma/polymarket-watch/internal/api/client.go:155.2,155.21 1 0
github.com/victorihuoma/polymarket-watch/internal/api/client.go:155.21,157.3 1 0
github.com/victorihuoma/polymarket-watch/internal/api/client.go:158.2,158.21 1 0
github.com/victorihuoma/polymarket-watch/internal/api/client.go:162.60,165.27 2 1
github.com/victorihuoma/polymarket-watch/internal/api/client.go:165.27,167.3 1 0
github.com/victorihuoma/polymarket-watch/internal/api/client.go:169.2,170.9 2 1
github.com/victorihuoma/polymarket-watch/internal/api/client.go:171.20,172.15 1 0
github.com/victorihuoma/polymarket-watch/internal/api/client.go:173.17,173.17 0 1
github.com/victorihuoma/polymarket-watch/internal/api/client.go:187.57,195.2 2 1
github.com/victorihuoma/polymarket-watch/internal/api/client.go:198.55,199.6 1 1
github.com/victorihuoma/polymarket-watch/internal/api/client.go:199.6,203.22 3 1
github.com/victorihuoma/polymarket-watch/internal/api/client.go:203.22,207.4 3 1
github.com/victorihuoma/polymarket-watch/internal/api/client.go:210.3,215.10 4 1
github.com/victorihuoma/polymarket-watch/internal/api/client.go:216.21,218.20 2 0
github.com/victorihuoma/polymarket-watch/internal/api/client.go:219.18,219.18 0 1
github.com/victorihuoma/polymarket-watch/internal/api/client.go:226.32,230.28 4 1
github.com/victorihuoma/polymarket-watch/internal/api/client.go:230.28,232.3 1 0
github.com/victorihuoma/polymarket-watch/internal/api/client.go:233.2,233.24 1 1
github.com/victorihuoma/polymarket-watch/internal/api/data_api.go:33.47,34.26 1 1
github.com/victorihuoma/polymarket-watch/internal/api/data_api.go:34.26,36.3 1 1
github.com/victorihuoma/polymarket-watch/internal/api/data_api.go:40.48,41.26 1 1
github.com/victorihuoma/polymarket-watch/internal/api/data_api.go:41.26,43.3 1 1
github.com/victorihuoma/polymarket-watch/internal/api/data_api.go:47.49,53.27 2 1
github.com/victorihuoma/polymarket-watch/internal/api/data_api.go:53.27,55.3 1 1
github.com/victorihuoma/polymarket-watch/internal/api/data_api.go:57.2,57.10 1 1
github.com/victorihuoma/polymarket-watch/internal/api/data_api.go:73.57,76.17 2 1
github.com/victorihuoma/polymarket-watch/internal/api/data_api.go:76.17,78.3 1 1
github.com/victorihuoma/polymarket-watch/internal/api/data_api.go:79.2,79.18 1 1
github.com/victorihuoma/polymarket-watch/internal/api/data_api.go:79.18,81.3 1 1
github.com/victorihuoma/polymarket-watch/internal/api/data_api.go:82.2,82.20 1 1
github.com/victorihuoma/polymarket-watch/internal/api/data_api.go:82.20,84.3 1 1
github.com/victorihuoma/polymarket-watch/internal/api/data_api.go:85.2,85.18 1 1
github.com/victorihuoma/polymarket-watch/internal/api/data_api.go:85.18,87.3 1 1
github.com/victorihuoma/polymarket-watch/internal/api/data_api.go:89.2,89.15 1 1
github.com/victorihuoma/polymarket-watch/internal/api/data_api.go:103.60,106.17 2 1
github.com/victorihuoma/polymarket-watch/internal/api/data_api.go:106.17,108.3 1 1
github.com/victorihuoma/polymarket-watch/internal/api/data_api.go:109.2,109.18 1 1
github.com/victorihuoma/polymarket-watch/internal/api/data_api.go:109.18,111.3 1 1
github.com/victorihuoma/polymarket-watch/internal/api/data_api.go:112.2,112.25 1 1
github.com/victorihuoma/polymarket-watch/internal/api/data_api.go:112.25,114.3 1 1
github.com/victorihuoma/polymarket-watch/internal/api/data_api.go:116.2,116.15 1 1
github.com/victorihuoma/polymarket-watch/internal/api/data_api.go:130.58,133.24 2 1
github.com/victorihuoma/polymarket-watch/internal/api/data_api.go:133.24,135.3 1 1
github.com/victorihuoma/polymarket-watch/internal/api/data_api.go:136.2,136.17 1 1
github.com/victorihuoma/polymarket-watch/internal/api/data_api.go:136.17,138.3 1 1
github.com/victorihuoma/polymarket-watch/internal/api/data_api.go:139.2,139.22 1 1
github.com/victorihuoma/polymarket-watch/internal/api/data_api.go:139.22,141.3 1 1
github.com/victorihuoma/polymarket-watch/internal/api/data_api.go:143.2,143.15 1 1
github.com/victorihuoma/polymarket-watch/internal/api/data_api.go:147.91,149.2 1 1
github.com/victorihuoma/polymarket-watch/internal/api/data_api.go:152.126,159.16 5 1
github.com/victorihuoma/polymarket-watch/internal/api/data_api.go:159.16,161.3 1 1
github.com/victorihuoma/polymarket-watch/internal/api/data_api.go:162.2,164.38 2 1
github.com/victorihuoma/polymarket-watch/internal/api/data_api.go:164.38,167.3 2 1
github.com/victorihuoma/polymarket-watch/internal/api/data_api.go:169.2,170.67 2 1
github.com/victorihuoma/polymarket-watch/internal/api/data_api.go:170.67,172.3 1 1
github.com/victorihuoma/polymarket-watch/internal/api/data_api.go:174.2,174.20 1 1
github.com/victorihuoma/polymarket-watch/internal/api/data_api.go:179.94,183.6 3 1
github.com/victorihuoma/polymarket-watch/internal/api/data_api.go:183.6,190.17 3 1
github.com/victorihuoma/polymarket-watch/internal/api/data_api.go:190.17,192.4 1 0
github.com/victorihuoma/polymarket-watch/internal/api/data_api.go:194.3,197.36 2 1
github.com/victorihuoma/polymarket-watch/internal/api/data_api.go:197.36,198.9 1 1
github.com/victorihuoma/polymarket-watch/internal/api/data_api.go:201.3,201.28 1 1
github.com/victorihuoma/polymarket-watch/internal/api/data_api.go:204.2,204.23 1 1
github.com/victorihuoma/polymarket-watch/internal/api/data_api.go:208.97,210.2 1 1
github.com/victorihuoma/polymarket-watch/internal/api/data_api.go:213.135,220.16 5 1
github.com/victorihuoma/polymarket-watch/internal/api/data_api.go:220.16,222.3 1 0
github.com/victorihuoma/polymarket-watch/internal/api/data_api.go:223.2,225.38 2 1
github.com/victorihuoma/polymarket-watch/internal/api/data_api.go:225.38,228.3 2 1
github.com/victorihuoma/polymarket-watch/internal/api/data_api.go:230.2,231.70 2 1
github.com/victorihuoma/polymarket-watch/internal/api/data_api.go:231.70,233.3 1 0
github.com/victorihuoma/polymarket-watch/internal/api/data_api.go:235.2,235.23 1 1
github.com/victorihuoma/polymarket-watch/internal/api/data_api.go:240.100,244.6 3 1
github.com/victorihuoma/polymarket-watch/internal/api/data_api.go:244.6,251.17 3 1
github.com/victorihuoma/polymarket-watch/internal/api/data_api.go:251.17,253.4 1 0
github.com/victorihuoma/polymarket-watch/internal/api/data_api.go:255.3,258.39 2 1
github.com/victorihuoma/polymarket-watch/internal/api/data_api.go:258.39,259.9 1 1
github.com/victorihuoma/polymarket-watch/internal/api/data_api.go:262.3,262.28 1 1
github.com/victorihuoma/polymarket-watch/internal/api/data_api.go:265.2,265.26 1 1
github.com/victorihuoma/polymarket-watch/internal/api/data_api.go:280.51,289.51 3 1
github.com/victorihuoma/polymarket-watch/internal/api/data_api.go:289.51,291.3 1 0
github.com/victorihuoma/polymarket-watch/internal/api/data_api.go:293.2,294.21 2 1
github.com/victorihuoma/polymarket-watch/internal/api/data_api.go:294.21,296.3 1 1
github.com/victorihuoma/polymarket-watch/internal/api/data_api.go:298.2,298.22 1 1
github.com/victorihuoma/polymarket-watch/internal/api/data_api.go:298.22,300.17 2 1
github.com/victorihuoma/polymarket-watch/internal/api/data_api.go:300.17,302.4 1 1
github.com/victorihuoma/polymarket-watch/internal/api/data_api.go:303.3,303.20 1 1
github.com/victorihuoma/polymarket-watch/internal/api/data_api.go:306.2,306.12 1 1
github.com/victorihuoma/polymarket-watch/internal/api/data_api.go:322.50,326.24 3 1
github.com/victorihuoma/polymarket-watch/internal/api/data_api.go:326.24,327.32 1 1
github.com/victorihuoma/polymarket-watch/internal/api/data_api.go:327.32,328.28 1 1
github.com/victorihuoma/polymarket-watch/internal/api/data_api.go:328.28,331.5 2 1
github.com/victorihuoma/polymarket-watch/internal/api/data_api.go:335.2,335.16 1 1
github.com/victorihuoma/polymarket-watch/internal/api/data_api.go:340.41,342.24 2 1
github.com/victorihuoma/polymarket-watch/internal/api/data_api.go:342.24,344.3 1 1
github.com/victorihuoma/polymarket-watch/internal/api/data_api.go:345.2,345.14 1 1
github.com/victorihuoma/polymarket-watch/internal/api/data_api.go:349.66,351.24 2 1
github.com/victorihuoma/polymarket-watch/internal/api/data_api.go:351.24,352.32 1 1
github.com/victorihuoma/polymarket-watch/internal/api/data_api.go:352.32,353.31 1 1
github.com/victorihuoma/polymarket-watch/internal/api/data_api.go:353.31,355.5 1 1
github.com/victorihuoma/polymarket-watch/internal/api/data_api.go:358.2,358.16 1 1
github.com/victorihuoma/polymarket-watch/internal/api/data_api.go:368.96,374.16 4 1
github.com/victorihuoma/polymarket-watch/internal/api/data_api.go:374.16,376.3 1 1
github.com/victorihuoma/polymarket-watch/internal/api/data_api.go:377.2,379.38 2 1
github.com/victorihuoma/polymarket-watch/internal/api/data_api.go:379.38,382.3 2 1
github.com/victorihuoma/polymarket-watch/internal/api/data_api.go:384.2,385.68 2 1
github.com/victorihuoma/polymarket-watch/internal/api/data_api.go:385.68,387.3 1 1
github.com/victorihuoma/polymarket-watch/internal/api/data_api.go:389.2,389.21 1 1
github.com/victorihuoma/polymarket-watch/internal/api/data_api.go:395.111,396.16 1 1
github.com/victorihuoma/polymarket-watch/internal/api/data_api.go:396.16,398.3 1 1
github.com/victorihuoma/polymarket-watch/internal/api/data_api.go:400.2,405.32 2 1
github.com/victorihuoma/polymarket-watch/internal/api/gamma_api.go:30.53,31.27 1 1
github.com/victorihuoma/polymarket-watch/internal/api/gamma_api.go:31.27,33.3 1 1
github.com/victorihuoma/polymarket-watch/internal/api/gamma_api.go:37.54,38.27 1 1
github.com/victorihuoma/polymarket-watch/internal/api/gamma_api.go:38.27,40.3 1 1
github.com/victorihuoma/polymarket-watch/internal/api/gamma_api.go:44.52,50.27 2 1
github.com/victorihuoma/polymarket-watch/internal/api/gamma_api.go:50.27,52.3 1 1
github.com/victorihuoma/polymarket-watch/internal/api/gamma_api.go:54.2,54.10 1 1
github.com/victorihuoma/polymarket-watch/internal/api/gamma_api.go:92.51,113.50 3 1
github.com/victorihuoma/polymarket-watch/internal/api/gamma_api.go:113.50,115.3 1 0
github.com/victorihuoma/polymarket-watch/internal/api/gamma_api.go:117.2,130.22 12 1
github.com/victorihuoma/polymarket-watch/internal/api/gamma_api.go:130.22,132.17 2 1
github.com/victorihuoma/polymarket-watch/internal/api/gamma_api.go:132.17,134.4 1 0
github.com/victorihuoma/polymarket-watch/internal/api/gamma_api.go:135.3,135.22 1 1
github.com/victorihuoma/polymarket-watch/internal/api/gamma_api.go:139.2,139.24 1 1
github.com/victorihuoma/polymarket-watch/internal/api/gamma_api.go:139.24,141.17 2 1
github.com/victorihuoma/polymarket-watch/internal/api/gamma_api.go:141.17,143.4 1 0
github.com/victorihuoma/polymarket-watch/internal/api/gamma_api.go:144.3,144.26 1 1
github.com/victorihuoma/polymarket-watch/internal/api/gamma_api.go:147.2,147.21 1 1
github.com/victorihuoma/polymarket-watch/internal/api/gamma_api.go:147.21,149.17 2 1
github.com/victorihuoma/polymarket-watch/internal/api/gamma_api.go:149.17,151.4 1 0
github.com/victorihuoma/polymarket-watch/internal/api/gamma_api.go:152.3,152.20 1 1
github.com/victorihuoma/polymarket-watch/internal/api/gamma_api.go:155.2,155.25 1 1
github.com/victorihuoma/polymarket-watch/internal/api/gamma_api.go:155.25,157.17 2 1
github.com/victorihuoma/polymarket-watch/internal/api/gamma_api.go:157.17,159.4 1 0
github.com/victorihuoma/polymarket-watch/internal/api/gamma_api.go:160.3,160.28 1 1
github.com/victorihuoma/polymarket-watch/internal/api/gamma_api.go:163.2,163.12 1 1
github.com/victorihuoma/polymarket-watch/internal/api/gamma_api.go:167.56,168.27 1 0
github.com/victorihuoma/polymarket-watch/internal/api/gamma_api.go:168.27,170.3 1 0
github.com/victorihuoma/polymarket-watch/internal/api/gamma_api.go:172.2,173.79 2 0
github.com/victorihuoma/polymarket-watch/internal/api/gamma_api.go:173.79,175.3 1 0
github.com/victorihuoma/polymarket-watch/internal/api/gamma_api.go:177.2,178.34 2 0
github.com/victorihuoma/polymarket-watch/internal/api/gamma_api.go:178.34,180.17 2 0
github.com/victorihuoma/polymarket-watch/internal/api/gamma_api.go:180.17,182.4 1 0
github.com/victorihuoma/polymarket-watch/internal/api/gamma_api.go:183.3,183.20 1 0
github.com/victorihuoma/polymarket-watch/internal/api/gamma_api.go:186.2,186.20 1 0
github.com/victorihuoma/polymarket-watch/internal/api/gamma_api.go:190.50,191.22 1 0
github.com/victorihuoma/polymarket-watch/internal/api/gamma_api.go:191.22,193.3 1 0
github.com/victorihuoma/polymarket-watch/internal/api/gamma_api.go:195.2,196.70 2 0
github.com/victorihuoma/polymarket-watch/internal/api/gamma_api.go:196.70,198.3 1 0
github.com/victorihuoma/polymarket-watch/internal/api/gamma_api.go:200.2,200.22 1 0
github.com/victorihuoma/polymarket-watch/internal/api/gamma_api.go:207.48,209.23 2 1
github.com/victorihuoma/polymarket-watch/internal/api/gamma_api.go:209.23,210.28 1 1
github.com/victorihuoma/polymarket-watch/internal/api/gamma_api.go:210.28,212.4 1 1
github.com/victorihuoma/polymarket-watch/internal/api/gamma_api.go:214.2,214.15 1 1
github.com/victorihuoma/polymarket-watch/internal/api/gamma_api.go:218.68,219.23 1 0
github.com/victorihuoma/polymarket-watch/internal/api/gamma_api.go:219.23,220.35 1 0
github.com/victorihuoma/polymarket-watch/internal/api/gamma_api.go:220.35,222.4 1 0
github.com/victorihuoma/polymarket-watch/internal/api/gamma_api.go:224.2,224.12 1 0
github.com/victorihuoma/polymarket-watch/internal/api/gamma_api.go:229.100,231.23 2 1
github.com/victorihuoma/polymarket-watch/internal/api/gamma_api.go:231.23,232.44 1 1
github.com/victorihuoma/polymarket-watch/internal/api/gamma_api.go:232.44,233.12 1 1
github.com/victorihuoma/polymarket-watch/internal/api/gamma_api.go:235.3,235.56 1 1
github.com/victorihuoma/polymarket-watch/internal/api/gamma_api.go:235.56,236.12 1 1
github.com/victorihuoma/polymarket-watch/internal/api/gamma_api.go:238.3,238.53 1 1
github.com/victorihuoma/polymarket-watch/internal/api/gamma_api.go:238.53,239.12 1 1
github.com/victorihuoma/polymarket-watch/internal/api/gamma_api.go:241.3,241.33 1 1
github.com/victorihuoma/polymarket-watch/internal/api/gamma_api.go:243.2,243.17 1 1
github.com/victorihuoma/polymarket-watch/internal/api/gamma_api.go:248.48,249.37 1 1
github.com/victorihuoma/polymarket-watch/internal/api/gamma_api.go:249.37,250.16 1 1
github.com/victorihuoma/polymarket-watch/internal/api/gamma_api.go:251.20,252.44 1 1
github.com/victorihuoma/polymarket-watch/internal/api/gamma_api.go:253.21,254.46 1 1
github.com/victorihuoma/polymarket-watch/internal/api/gamma_api.go:255.11,256.38 1 1
github.com/victorihuoma/polymarket-watch/internal/api/gamma_api.go:274.58,277.21 2 1
github.com/victorihuoma/polymarket-watch/internal/api/gamma_api.go:277.21,279.3 1 1
github.com/victorihuoma/polymarket-watch/internal/api/gamma_api.go:280.2,280.21 1 1
github.com/victorihuoma/polymarket-watch/internal/api/gamma_api.go:280.21,282.3 1 1
github.com/victorihuoma/polymarket-watch/internal/api/gamma_api.go:283.2,283.17 1 1
github.com/victorihuoma/polymarket-watch/internal/api/gamma_api.go:283.17,285.3 1 1
github.com/victorihuoma/polymarket-watch/internal/api/gamma_api.go:286.2,286.18 1 1
github.com/victorihuoma/polymarket-watch/internal/api/gamma_api.go:286.18,288.3 1 1
github.com/victorihuoma/polymarket-watch/internal/api/gamma_api.go:290.2,290.15 1 1
github.com/victorihuoma/polymarket-watch/internal/api/gamma_api.go:309.57,312.20 2 1
github.com/victorihuoma/polymarket-watch/internal/api/gamma_api.go:312.20,314.3 1 1
github.com/victorihuoma/polymarket-watch/internal/api/gamma_api.go:315.2,315.21 1 1
github.com/victorihuoma/polymarket-watch/internal/api/gamma_api.go:315.21,317.3 1 1
github.com/victorihuoma/polymarket-watch/internal/api/gamma_api.go:318.2,318.25 1 1
github.com/victorihuoma/polymarket-watch/internal/api/gamma_api.go:318.25,320.3 1 1
github.com/victorihuoma/polymarket-watch/internal/api/gamma_api.go:321.2,321.24 1 1
github.com/victorihuoma/polymarket-watch/internal/api/gamma_api.go:321.24,323.3 1 1
github.com/victorihuoma/polymarket-watch/internal/api/gamma_api.go:324.2,324.17 1 1
github.com/victorihuoma/polymarket-watch/internal/api/gamma_api.go:324.17,326.3 1 1
github.com/victorihuoma/polymarket-watch/internal/api/gamma_api.go:328.2,328.15 1 1
github.com/victorihuoma/polymarket-watch/internal/api/gamma_api.go:332.88,336.16 3 1
github.com/victorihuoma/polymarket-watch/internal/api/gamma_api.go:336.16,338.3 1 1
github.com/victorihuoma/polymarket-watch/internal/api/gamma_api.go:339.2,341.38 2 1
github.com/victorihuoma/polymarket-watch/internal/api/gamma_api.go:341.38,344.3 2 1
github.com/victorihuoma/polymarket-watch/internal/api/gamma_api.go:346.2,347.67 2 1
github.com/victorihuoma/polymarket-watch/internal/api/gamma_api.go:347.67,349.3 1 1
github.com/victorihuoma/polymarket-watch/internal/api/gamma_api.go:351.2,351.21 1 1
github.com/victorihuoma/polymarket-watch/internal/api/gamma_api.go:355.72,357.2 1 1
github.com/victorihuoma/polymarket-watch/internal/api/gamma_api.go:360.108,367.21 5 1
github.com/victorihuoma/polymarket-watch/internal/api/gamma_api.go:367.21,369.3 1 1
github.com/victorihuoma/polymarket-watch/internal/api/gamma_api.go:369.8,371.3 1 1
github.com/victorihuoma/polymarket-watch/internal/api/gamma_api.go:373.2,373.16 1 1
github.com/victorihuoma/polymarket-watch/internal/api/gamma_api.go:373.16,375.3 1 1
github.com/victorihuoma/polymarket-watch/internal/api/gamma_api.go:376.2,378.38 2 1
github.com/victorihuoma/polymarket-watch/internal/api/gamma_api.go:378.38,381.3 2 1
github.com/victorihuoma/polymarket-watch/internal/api/gamma_api.go:383.2,384.68 2 1
github.com/victorihuoma/polymarket-watch/internal/api/gamma_api.go:384.68,386.3 1 0
github.com/victorihuoma/polymarket-watch/internal/api/gamma_api.go:388.2,388.21 1 1
github.com/victorihuoma/polymarket-watch/internal/api/gamma_api.go:394.99,397.16 2 1
github.com/victorihuoma/polymarket-watch/internal/api/gamma_api.go:397.16,399.3 1 1
github.com/victorihuoma/polymarket-watch/internal/api/gamma_api.go:402.2,409.18 4 1
github.com/victorihuoma/polymarket-watch/internal/api/gamma_api.go:409.18,411.3 1 1
github.com/victorihuoma/polymarket-watch/internal/api/gamma_api.go:414.2,417.50 2 1
github.com/victorihuoma/polymarket-watch/internal/api/gamma_api.go:417.50,419.3 1 1
github.com/victorihuoma/polymarket-watch/internal/api/gamma_api.go:421.2,421.22 1 1
github.com/victorihuoma/polymarket-watch/internal/api/gamma_api.go:426.87,427.16 1 1
github.com/victorihuoma/polymarket-watch/internal/api/gamma_api.go:427.16,429.3 1 1
github.com/victorihuoma/polymarket-watch/internal/api/gamma_api.go:431.2,435.16 4 1
github.com/victorihuoma/polymarket-watch/internal/api/gamma_api.go:435.16,437.3 1 1
github.com/victorihuoma/polymarket-watch/internal/api/gamma_api.go:438.2,440.38 2 1
github.com/victorihuoma/polymarket-watch/internal/api/gamma_api.go:440.38,443.3 2 1
github.com/victorihuoma/polymarket-watch/internal/api/gamma_api.go:445.2,446.68 2 1
github.com/victorihuoma/polymarket-watch/internal/api/gamma_api.go:446.68,448.3 1 1
github.com/victorihuoma/polymarket-watch/internal/api/gamma_api.go:450.2,450.23 1 1
github.com/victorihuoma/polymarket-watch/internal/api/gamma_api.go:450.23,452.3 1 1
github.com/victorihuoma/polymarket-watch/internal/api/gamma_api.go:454.2,454.24 1 1
